<?xml version="1.0" encoding="UTF-8"?>
<!-- Generated by org.testng.reporters.JUnitReportReporter -->
<testsuite skipped="0" hostname="DESKTOP-9BUKM7O" name="qaclickacademy.AppiumTest" tests="2" failures="0" timestamp="2020-04-11T11:40:16 IST" time="0.001" errors="0">
  <testcase name="iosApp" time="0.000" classname="qaclickacademy.AppiumTest"/>
  <system-out/>
  <testcase name="nativeAppsAndroid" time="0.001" classname="qaclickacademy.AppiumTest"/>
  <system-out/>
</testsuite> <!-- qaclickacademy.AppiumTest -->
