<?xml version="1.0" encoding="UTF-8"?>
<!-- Generated by org.testng.reporters.JUnitReportReporter -->
<testsuite skipped="0" hostname="DESKTOP-9BUKM7O" name="qaclickacademy.SeleniumTest" tests="2" failures="0" timestamp="2020-04-11T11:43:39 IST" time="0.006" errors="0">
  <testcase name="browserAutomationSelenium" time="0.005" classname="qaclickacademy.SeleniumTest"/>
  <system-out/>
  <testcase name="elementsUI" time="0.001" classname="qaclickacademy.SeleniumTest"/>
  <system-out/>
</testsuite> <!-- qaclickacademy.SeleniumTest -->
